#
# A fatal error has been detected by the Java Runtime Environment:
#
#  SIGSEGV (0xb) at pc=0x0000000106c01db7, pid=595, tid=16131
#
# JRE version: Java(TM) SE Runtime Environment (8.0_25-b17) (build 1.8.0_25-b17)
# Java VM: Java HotSpot(TM) 64-Bit Server VM (25.25-b02 mixed mode bsd-amd64 compressed oops)
# Problematic frame:
# V  [libjvm.dylib+0x18edb7]
#
# Failed to write core dump. Core dumps have been disabled. To enable core dumping, try "ulimit -c unlimited" before starting Java again
#
# If you would like to submit a bug report, please visit:
#   http://bugreport.sun.com/bugreport/crash.jsp
#

---------------  T H R E A D  ---------------

Current thread (0x00007f9634041800):  JavaThread "C2 CompilerThread0" daemon [_thread_in_native, id=16131, stack(0x0000700000935000,0x0000700000a35000)]

siginfo: si_signo: 11 (SIGSEGV), si_code: 1 (SEGV_MAPERR), si_addr: 0x00007f9638723430

Registers:
RAX=0x00007f963671a410, RBX=0x00007f9634712280, RCX=0x0000000000000010, RDX=0x0000000000000001
RSP=0x0000700000a31720, RBP=0x0000700000a31750, RSI=0x0000000000401204, RDI=0x0000700000a31910
R8 =0x0000000000000001, R9 =0x000000010725d501, R10=0x00000000ffffffff, R11=0xffffffff00000000
R12=0x0000000000000001, R13=0x0000700000a33fb0, R14=0x0000700000a31910, R15=0x00007f9634711fd0
RIP=0x0000000106c01db7, EFLAGS=0x0000000000010202, ERR=0x0000000000000004
  TRAPNO=0x000000000000000e

Top of Stack: (sp=0x0000700000a31720)
0x0000700000a31720:   0000000000000001 0000700000a31910
0x0000700000a31730:   0000700000a31938 0000700000a33fb0
0x0000700000a31740:   0000000000000040 0000700000a31978
0x0000700000a31750:   0000700000a31770 0000000106c00564
0x0000700000a31760:   0000700000a32530 0000700000a31910
0x0000700000a31770:   0000700000a31a70 0000000106bcdcd7
0x0000700000a31780:   00007f9636067900 00007f9636067900
0x0000700000a31790:   0000000000000007 0000000000000029
0x0000700000a317a0:   0000700000a318a0 0000000106e010cb
0x0000700000a317b0:   0000000000000100 00007f9634196d20
0x0000700000a317c0:   0000000800a32660 0000000000000002
0x0000700000a317d0:   00007f963631b7b0 0000000000000005
0x0000700000a317e0:   00007f9634196f58 0000000000000000
0x0000700000a317f0:   000000010682d400 00007f963645e000
0x0000700000a31800:   0000000106812000 0000000000000001
0x0000700000a31810:   00007f9636000057 000000010682d400
0x0000700000a31820:   0000700000a318c0 00007fff929bdb40
0x0000700000a31830:   0000000000000000 0000000000000000
0x0000700000a31840:   0000000000000000 0000000000000008
0x0000700000a31850:   00007f96367f8000 00000000000022f0
0x0000700000a31860:   0000000000000096 00007f9636000000
0x0000700000a31870:   00007f9636000000 00007f963645e000
0x0000700000a31880:   0000000036000096 0000000106812000
0x0000700000a31890:   000000000000ae00 0000000000000b00
0x0000700000a318a0:   0000700000a319e0 0000700000a33fb0
0x0000700000a318b0:   00007f96366c9800 0000700000a318d0
0x0000700000a318c0:   0000700000a31900 0000000106ecad89
0x0000700000a318d0:   0000000000000008 00007f963631b7a0
0x0000700000a318e0:   0000000000000000 0000000106fac534
0x0000700000a318f0:   00007f963603b000 0000000106fac4d9
0x0000700000a31900:   0000700000a31950 0000000000207250
0x0000700000a31910:   00000001072ef860 000070000000000c 

Instructions: (pc=0x0000000106c01db7)
0x0000000106c01d97:   02 ff c2 85 c9 75 04 31 f6 eb 07 49 8b 77 20 48
0x0000000106c01da7:   8b 36 41 89 d4 48 8b 76 08 4a 8b 34 e6 8b 76 28
0x0000000106c01db7:   48 39 1c f0 75 db 41 bd 01 00 00 00 eb 34 45 39
0x0000000106c01dc7:   6f 18 77 04 31 f6 eb 0b 44 89 e8 49 8b 4f 20 48 

Register to memory mapping:

RAX=0x00007f963671a410 is an unknown value
RBX=0x00007f9634712280 is an unknown value
RCX=0x0000000000000010 is an unknown value
RDX=0x0000000000000001 is an unknown value
RSP=0x0000700000a31720 is pointing into the stack for thread: 0x00007f9634041800
RBP=0x0000700000a31750 is pointing into the stack for thread: 0x00007f9634041800
RSI=0x0000000000401204 is an unknown value
RDI=0x0000700000a31910 is pointing into the stack for thread: 0x00007f9634041800
R8 =0x0000000000000001 is an unknown value
R9 =0x000000010725d501: _ZTV12PeriodicTask+0x11 in /Library/Java/JavaVirtualMachines/jdk1.8.0_25.jdk/Contents/Home/jre/lib/server/libjvm.dylib at 0x0000000106a73000
R10=0x00000000ffffffff is an unknown value
R11=0xffffffff00000000 is an unknown value
R12=0x0000000000000001 is an unknown value
R13=0x0000700000a33fb0 is pointing into the stack for thread: 0x00007f9634041800
R14=0x0000700000a31910 is pointing into the stack for thread: 0x00007f9634041800
R15=0x00007f9634711fd0 is an unknown value


Stack: [0x0000700000935000,0x0000700000a35000],  sp=0x0000700000a31720,  free space=1009k
Native frames: (J=compiled Java code, j=interpreted, Vv=VM code, C=native code)
V  [libjvm.dylib+0x18edb7]
V  [libjvm.dylib+0x18d564]
V  [libjvm.dylib+0x15acd7]
V  [libjvm.dylib+0x1a4d74]
V  [libjvm.dylib+0x1a8b4e]
V  [libjvm.dylib+0x14b1d6]
V  [libjvm.dylib+0x1ac3e8]
V  [libjvm.dylib+0x1ae4f7]
V  [libjvm.dylib+0x535ed9]
V  [libjvm.dylib+0x53761c]
V  [libjvm.dylib+0x45d87e]
C  [libsystem_pthread.dylib+0x3c13]  _pthread_body+0x83
C  [libsystem_pthread.dylib+0x3b90]  _pthread_body+0x0
C  [libsystem_pthread.dylib+0x1375]  thread_start+0xd
C  0x0000000000000000


Current CompileTask:
C2: 403169 5920   !   4       java.util.jar.Attributes::read (410 bytes)


---------------  P R O C E S S  ---------------

Java Threads: ( => current thread )
  0x00007f9634084000 JavaThread "Stdin handler" [_thread_blocked, id=21259, stack(0x000070000114d000,0x000070000124d000)]
  0x00007f96368dd800 JavaThread "Daemon worker Thread 3" [_thread_in_vm, id=20235, stack(0x000070000104a000,0x000070000114a000)]
  0x00007f9634622000 JavaThread "Cancel handler" [_thread_blocked, id=15627, stack(0x0000700000f47000,0x0000700001047000)]
  0x00007f963629a000 JavaThread "Handler for socket connection from /127.0.0.1:56354 to /127.0.0.1:50155" [_thread_in_native, id=19211, stack(0x0000700000e44000,0x0000700000f44000)]
  0x00007f9636000800 JavaThread "Daemon Thread 3" [_thread_blocked, id=18699, stack(0x000070000072c000,0x000070000082c000)]
  0x00007f9633c0a800 JavaThread "File lock request listener" [_thread_in_native, id=21763, stack(0x000070000137e000,0x000070000147e000)]
  0x00007f9633c3a800 JavaThread "Incoming local TCP Connector on port 56354" [_thread_in_native, id=18179, stack(0x0000700000d41000,0x0000700000e41000)]
  0x00007f96338a3800 JavaThread "Service Thread" daemon [_thread_blocked, id=17155, stack(0x0000700000b3b000,0x0000700000c3b000)]
  0x00007f96338a2800 JavaThread "C1 CompilerThread1" daemon [_thread_blocked, id=16643, stack(0x0000700000a38000,0x0000700000b38000)]
=>0x00007f9634041800 JavaThread "C2 CompilerThread0" daemon [_thread_in_native, id=16131, stack(0x0000700000935000,0x0000700000a35000)]
  0x00007f9633856000 JavaThread "Signal Dispatcher" daemon [_thread_blocked, id=15371, stack(0x0000700000832000,0x0000700000932000)]
  0x00007f963382d000 JavaThread "Finalizer" daemon [_thread_blocked, id=10755, stack(0x0000700000629000,0x0000700000729000)]
  0x00007f963382c000 JavaThread "Reference Handler" daemon [_thread_blocked, id=10243, stack(0x0000700000526000,0x0000700000626000)]
  0x00007f9634003000 JavaThread "main" [_thread_blocked, id=4099, stack(0x0000700000084000,0x0000700000184000)]

Other Threads:
  0x00007f9633827800 VMThread [stack: 0x0000700000423000,0x0000700000523000] [id=9731]
  0x00007f9634009800 WatcherThread [stack: 0x0000700000c3e000,0x0000700000d3e000] [id=17667]

VM state:not at safepoint (normal execution)

VM Mutex/Monitor currently owned by a thread: None

Heap:
 PSYoungGen      total 190976K, used 60799K [0x00000007aab00000, 0x00000007b7700000, 0x00000007c0000000)
  eden space 174080K, 34% used [0x00000007aab00000,0x00000007ae65fc58,0x00000007b5500000)
  from space 16896K, 0% used [0x00000007b6680000,0x00000007b6680000,0x00000007b7700000)
  to   space 17408K, 0% used [0x00000007b5500000,0x00000007b5500000,0x00000007b6600000)
 ParOldGen       total 81408K, used 38942K [0x0000000780000000, 0x0000000784f80000, 0x00000007aab00000)
  object space 81408K, 47% used [0x0000000780000000,0x0000000782607b30,0x0000000784f80000)
 Metaspace       used 42245K, capacity 44272K, committed 44544K, reserved 1087488K
  class space    used 5928K, capacity 6621K, committed 6656K, reserved 1048576K

Card table byte_map: [0x00000001171c0000,0x00000001173c1000] byte_map_base: 0x00000001135c0000

Marking Bits: (ParMarkBitMap*) 0x0000000107310390
 Begin Bits: [0x0000000117517000, 0x0000000118517000)
 End Bits:   [0x0000000118517000, 0x0000000119517000)

Polling page: 0x00000001079d1000

CodeCache: size=245760Kb used=15713Kb max_used=15713Kb free=230046Kb
 bounds [0x0000000107e00000, 0x0000000108d70000, 0x0000000116e00000]
 total_blobs=6208 nmethods=5542 adapters=580
 compilation: enabled

Compilation events (10 events):
Event: 403.098 Thread 0x00007f96338a2800 6209       1       com.android.sdklib.repository.local.LocalPlatformPkgInfo::getDesc (5 bytes)
Event: 403.098 Thread 0x00007f96338a2800 nmethod 6209 0x0000000108d4fc90 code [0x0000000108d4fde0, 0x0000000108d4fef0]
Event: 403.105 Thread 0x00007f96338a2800 6210       3       java.io.File::listFiles (52 bytes)
Event: 403.106 Thread 0x00007f96338a2800 nmethod 6210 0x0000000108d4ef10 code [0x0000000108d4f100, 0x0000000108d4f938]
Event: 403.106 Thread 0x00007f96338a2800 6211       2       com.android.sdklib.repository.FullRevision::<init> (38 bytes)
Event: 403.106 Thread 0x00007f96338a2800 nmethod 6211 0x0000000108d4eb90 code [0x0000000108d4ece0, 0x0000000108d4ee70]
Event: 403.108 Thread 0x00007f96338a2800 6212       2       com.google.common.collect.AbstractMapBasedMultimap$WrappedCollection::size (14 bytes)
Event: 403.108 Thread 0x00007f96338a2800 nmethod 6212 0x0000000108d5b650 code [0x0000000108d5b7c0, 0x0000000108d5b978]
Event: 403.108 Thread 0x00007f96338a2800 6213       2       java.lang.Long::stringSize (38 bytes)
Event: 403.108 Thread 0x00007f96338a2800 nmethod 6213 0x0000000108d5ba50 code [0x0000000108d5bbc0, 0x0000000108d5bd90]

GC Heap History (10 events):
Event: 14.618 GC heap before
{Heap before GC invocations=14 (full 2):
 PSYoungGen      total 135168K, used 29393K [0x00000007aab00000, 0x00000007b5d00000, 0x00000007c0000000)
  eden space 118784K, 14% used [0x00000007aab00000,0x00000007abb4d640,0x00000007b1f00000)
  from space 16384K, 77% used [0x00000007b1f00000,0x00000007b2b66e80,0x00000007b2f00000)
  to   space 17920K, 0% used [0x00000007b4b80000,0x00000007b4b80000,0x00000007b5d00000)
 ParOldGen       total 81408K, used 33498K [0x0000000780000000, 0x0000000784f80000, 0x00000007aab00000)
  object space 81408K, 41% used [0x0000000780000000,0x00000007820b68d8,0x0000000784f80000)
 Metaspace       used 38600K, capacity 40132K, committed 40448K, reserved 1083392K
  class space    used 5510K, capacity 6055K, committed 6144K, reserved 1048576K
Event: 14.659 GC heap after
Heap after GC invocations=14 (full 2):
 PSYoungGen      total 163840K, used 12654K [0x00000007aab00000, 0x00000007b5e00000, 0x00000007c0000000)
  eden space 145920K, 0% used [0x00000007aab00000,0x00000007aab00000,0x00000007b3980000)
  from space 17920K, 70% used [0x00000007b4b80000,0x00000007b57db908,0x00000007b5d00000)
  to   space 18432K, 0% used [0x00000007b3980000,0x00000007b3980000,0x00000007b4b80000)
 ParOldGen       total 81408K, used 33498K [0x0000000780000000, 0x0000000784f80000, 0x00000007aab00000)
  object space 81408K, 41% used [0x0000000780000000,0x00000007820b68d8,0x0000000784f80000)
 Metaspace       used 38600K, capacity 40132K, committed 40448K, reserved 1083392K
  class space    used 5510K, capacity 6055K, committed 6144K, reserved 1048576K
}
Event: 14.659 GC heap before
{Heap before GC invocations=15 (full 3):
 PSYoungGen      total 163840K, used 12654K [0x00000007aab00000, 0x00000007b5e00000, 0x00000007c0000000)
  eden space 145920K, 0% used [0x00000007aab00000,0x00000007aab00000,0x00000007b3980000)
  from space 17920K, 70% used [0x00000007b4b80000,0x00000007b57db908,0x00000007b5d00000)
  to   space 18432K, 0% used [0x00000007b3980000,0x00000007b3980000,0x00000007b4b80000)
 ParOldGen       total 81408K, used 33498K [0x0000000780000000, 0x0000000784f80000, 0x00000007aab00000)
  object space 81408K, 41% used [0x0000000780000000,0x00000007820b68d8,0x0000000784f80000)
 Metaspace       used 38600K, capacity 40132K, committed 40448K, reserved 1083392K
  class space    used 5510K, capacity 6055K, committed 6144K, reserved 1048576K
Event: 15.232 GC heap after
Heap after GC invocations=15 (full 3):
 PSYoungGen      total 163840K, used 0K [0x00000007aab00000, 0x00000007b5e00000, 0x00000007c0000000)
  eden space 145920K, 0% used [0x00000007aab00000,0x00000007aab00000,0x00000007b3980000)
  from space 17920K, 0% used [0x00000007b4b80000,0x00000007b4b80000,0x00000007b5d00000)
  to   space 18432K, 0% used [0x00000007b3980000,0x00000007b3980000,0x00000007b4b80000)
 ParOldGen       total 81408K, used 35890K [0x0000000780000000, 0x0000000784f80000, 0x00000007aab00000)
  object space 81408K, 44% used [0x0000000780000000,0x000000078230cb38,0x0000000784f80000)
 Metaspace       used 38600K, capacity 40132K, committed 40448K, reserved 1083392K
  class space    used 5510K, capacity 6055K, committed 6144K, reserved 1048576K
}
Event: 196.188 GC heap before
{Heap before GC invocations=16 (full 3):
 PSYoungGen      total 163840K, used 145920K [0x00000007aab00000, 0x00000007b5e00000, 0x00000007c0000000)
  eden space 145920K, 100% used [0x00000007aab00000,0x00000007b3980000,0x00000007b3980000)
  from space 17920K, 0% used [0x00000007b4b80000,0x00000007b4b80000,0x00000007b5d00000)
  to   space 18432K, 0% used [0x00000007b3980000,0x00000007b3980000,0x00000007b4b80000)
 ParOldGen       total 81408K, used 35890K [0x0000000780000000, 0x0000000784f80000, 0x00000007aab00000)
  object space 81408K, 44% used [0x0000000780000000,0x000000078230cb38,0x0000000784f80000)
 Metaspace       used 41083K, capacity 42944K, committed 43136K, reserved 1085440K
  class space    used 5789K, capacity 6438K, committed 6528K, reserved 1048576K
Event: 196.213 GC heap after
Heap after GC invocations=16 (full 3):
 PSYoungGen      total 164352K, used 6934K [0x00000007aab00000, 0x00000007b7800000, 0x00000007c0000000)
  eden space 145920K, 0% used [0x00000007aab00000,0x00000007aab00000,0x00000007b3980000)
  from space 18432K, 37% used [0x00000007b3980000,0x00000007b40458f8,0x00000007b4b80000)
  to   space 17920K, 0% used [0x00000007b6680000,0x00000007b6680000,0x00000007b7800000)
 ParOldGen       total 81408K, used 35898K [0x0000000780000000, 0x0000000784f80000, 0x00000007aab00000)
  object space 81408K, 44% used [0x0000000780000000,0x000000078230eb38,0x0000000784f80000)
 Metaspace       used 41083K, capacity 42944K, committed 43136K, reserved 1085440K
  class space    used 5789K, capacity 6438K, committed 6528K, reserved 1048576K
}
Event: 197.467 GC heap before
{Heap before GC invocations=17 (full 3):
 PSYoungGen      total 164352K, used 34822K [0x00000007aab00000, 0x00000007b7800000, 0x00000007c0000000)
  eden space 145920K, 19% used [0x00000007aab00000,0x00000007ac63c150,0x00000007b3980000)
  from space 18432K, 37% used [0x00000007b3980000,0x00000007b40458f8,0x00000007b4b80000)
  to   space 17920K, 0% used [0x00000007b6680000,0x00000007b6680000,0x00000007b7800000)
 ParOldGen       total 81408K, used 35898K [0x0000000780000000, 0x0000000784f80000, 0x00000007aab00000)
  object space 81408K, 44% used [0x0000000780000000,0x000000078230eb38,0x0000000784f80000)
 Metaspace       used 41909K, capacity 43846K, committed 44032K, reserved 1087488K
  class space    used 5908K, capacity 6567K, committed 6656K, reserved 1048576K
Event: 197.479 GC heap after
Heap after GC invocations=17 (full 3):
 PSYoungGen      total 190976K, used 3567K [0x00000007aab00000, 0x00000007b7700000, 0x00000007c0000000)
  eden space 174080K, 0% used [0x00000007aab00000,0x00000007aab00000,0x00000007b5500000)
  from space 16896K, 21% used [0x00000007b6680000,0x00000007b69fbe18,0x00000007b7700000)
  to   space 17408K, 0% used [0x00000007b5500000,0x00000007b5500000,0x00000007b6600000)
 ParOldGen       total 81408K, used 35906K [0x0000000780000000, 0x0000000784f80000, 0x00000007aab00000)
  object space 81408K, 44% used [0x0000000780000000,0x0000000782310b38,0x0000000784f80000)
 Metaspace       used 41909K, capacity 43846K, committed 44032K, reserved 1087488K
  class space    used 5908K, capacity 6567K, committed 6656K, reserved 1048576K
}
Event: 197.479 GC heap before
{Heap before GC invocations=18 (full 4):
 PSYoungGen      total 190976K, used 3567K [0x00000007aab00000, 0x00000007b7700000, 0x00000007c0000000)
  eden space 174080K, 0% used [0x00000007aab00000,0x00000007aab00000,0x00000007b5500000)
  from space 16896K, 21% used [0x00000007b6680000,0x00000007b69fbe18,0x00000007b7700000)
  to   space 17408K, 0% used [0x00000007b5500000,0x00000007b5500000,0x00000007b6600000)
 ParOldGen       total 81408K, used 35906K [0x0000000780000000, 0x0000000784f80000, 0x00000007aab00000)
  object space 81408K, 44% used [0x0000000780000000,0x0000000782310b38,0x0000000784f80000)
 Metaspace       used 41909K, capacity 43846K, committed 44032K, reserved 1087488K
  class space    used 5908K, capacity 6567K, committed 6656K, reserved 1048576K
Event: 198.087 GC heap after
Heap after GC invocations=18 (full 4):
 PSYoungGen      total 190976K, used 0K [0x00000007aab00000, 0x00000007b7700000, 0x00000007c0000000)
  eden space 174080K, 0% used [0x00000007aab00000,0x00000007aab00000,0x00000007b5500000)
  from space 16896K, 0% used [0x00000007b6680000,0x00000007b6680000,0x00000007b7700000)
  to   space 17408K, 0% used [0x00000007b5500000,0x00000007b5500000,0x00000007b6600000)
 ParOldGen       total 81408K, used 38942K [0x0000000780000000, 0x0000000784f80000, 0x00000007aab00000)
  object space 81408K, 47% used [0x0000000780000000,0x0000000782607b30,0x0000000784f80000)
 Metaspace       used 41909K, capacity 43846K, committed 44032K, reserved 1087488K
  class space    used 5908K, capacity 6567K, committed 6656K, reserved 1048576K
}

Deoptimization events (10 events):
Event: 197.248 Thread 0x00007f9636000800 Uncommon trap: reason=bimorphic action=maybe_recompile pc=0x0000000108ab2424 method=java.util.Collections$UnmodifiableCollection$1.next()Ljava/lang/Object; @ 4
Event: 197.466 Thread 0x00007f9636000800 Uncommon trap: reason=bimorphic action=maybe_recompile pc=0x0000000108aba28c method=java.util.Collections$UnmodifiableCollection$1.hasNext()Z @ 4
Event: 197.466 Thread 0x00007f9636000800 Uncommon trap: reason=bimorphic action=maybe_recompile pc=0x0000000108ab2424 method=java.util.Collections$UnmodifiableCollection$1.next()Ljava/lang/Object; @ 4
Event: 197.466 Thread 0x00007f9636000800 Uncommon trap: reason=bimorphic action=maybe_recompile pc=0x0000000108aba28c method=java.util.Collections$UnmodifiableCollection$1.hasNext()Z @ 4
Event: 197.466 Thread 0x00007f9636000800 Uncommon trap: reason=bimorphic action=maybe_recompile pc=0x0000000108ab2424 method=java.util.Collections$UnmodifiableCollection$1.next()Ljava/lang/Object; @ 4
Event: 402.911 Thread 0x00007f96368dd800 Uncommon trap: reason=class_check action=maybe_recompile pc=0x0000000108b46220 method=com.google.common.collect.AbstractMapBasedMultimap$WrappedCollection.refreshIfEmpty()V @ 40
Event: 402.917 Thread 0x00007f96368dd800 Uncommon trap: reason=class_check action=maybe_recompile pc=0x0000000108b42dfc method=com.google.common.collect.AbstractMapBasedMultimap$WrappedCollection.refreshIfEmpty()V @ 40
Event: 402.917 Thread 0x00007f96368dd800 Uncommon trap: reason=class_check action=maybe_recompile pc=0x0000000108b42dfc method=com.google.common.collect.AbstractMapBasedMultimap$WrappedCollection.refreshIfEmpty()V @ 40
Event: 402.922 Thread 0x00007f96368dd800 Uncommon trap: reason=class_check action=maybe_recompile pc=0x0000000108b42dfc method=com.google.common.collect.AbstractMapBasedMultimap$WrappedCollection.refreshIfEmpty()V @ 40
Event: 402.935 Thread 0x00007f96368dd800 Uncommon trap: reason=class_check action=maybe_recompile pc=0x0000000108b46220 method=com.google.common.collect.AbstractMapBasedMultimap$WrappedCollection.refreshIfEmpty()V @ 40

Internal exceptions (10 events):
Event: 402.031 Thread 0x00007f96368dd800 Exception <a 'java/security/PrivilegedActionException'> (0x00000007ab6bc770) thrown at [/HUDSON3/workspace/8-2-build-macosx-x86_64/jdk8u25/1514/hotspot/src/share/vm/prims/jvm.cpp, line 1312]
Event: 402.031 Thread 0x00007f96368dd800 Exception <a 'java/security/PrivilegedActionException'> (0x00000007ab6c4d98) thrown at [/HUDSON3/workspace/8-2-build-macosx-x86_64/jdk8u25/1514/hotspot/src/share/vm/prims/jvm.cpp, line 1312]
Event: 402.032 Thread 0x00007f96368dd800 Exception <a 'java/security/PrivilegedActionException'> (0x00000007ab6d03e8) thrown at [/HUDSON3/workspace/8-2-build-macosx-x86_64/jdk8u25/1514/hotspot/src/share/vm/prims/jvm.cpp, line 1312]
Event: 402.033 Thread 0x00007f96368dd800 Exception <a 'java/security/PrivilegedActionException'> (0x00000007ab6d62f0) thrown at [/HUDSON3/workspace/8-2-build-macosx-x86_64/jdk8u25/1514/hotspot/src/share/vm/prims/jvm.cpp, line 1312]
Event: 402.033 Thread 0x00007f96368dd800 Exception <a 'java/security/PrivilegedActionException'> (0x00000007ab6d7778) thrown at [/HUDSON3/workspace/8-2-build-macosx-x86_64/jdk8u25/1514/hotspot/src/share/vm/prims/jvm.cpp, line 1312]
Event: 402.034 Thread 0x00007f96368dd800 Exception <a 'java/security/PrivilegedActionException'> (0x00000007ab6e0c40) thrown at [/HUDSON3/workspace/8-2-build-macosx-x86_64/jdk8u25/1514/hotspot/src/share/vm/prims/jvm.cpp, line 1312]
Event: 402.034 Thread 0x00007f96368dd800 Exception <a 'java/security/PrivilegedActionException'> (0x00000007ab6e3ab0) thrown at [/HUDSON3/workspace/8-2-build-macosx-x86_64/jdk8u25/1514/hotspot/src/share/vm/prims/jvm.cpp, line 1312]
Event: 402.035 Thread 0x00007f96368dd800 Exception <a 'java/security/PrivilegedActionException'> (0x00000007ab6ea278) thrown at [/HUDSON3/workspace/8-2-build-macosx-x86_64/jdk8u25/1514/hotspot/src/share/vm/prims/jvm.cpp, line 1312]
Event: 402.035 Thread 0x00007f96368dd800 Exception <a 'java/security/PrivilegedActionException'> (0x00000007ab6ebaa8) thrown at [/HUDSON3/workspace/8-2-build-macosx-x86_64/jdk8u25/1514/hotspot/src/share/vm/prims/jvm.cpp, line 1312]
Event: 402.035 Thread 0x00007f96368dd800 Exception <a 'java/security/PrivilegedActionException'> (0x00000007ab6f5a70) thrown at [/HUDSON3/workspace/8-2-build-macosx-x86_64/jdk8u25/1514/hotspot/src/share/vm/prims/jvm.cpp, line 1312]

Events (10 events):
Event: 403.084 Thread 0x00007f96368dd800 DEOPT PACKING pc=0x000000010879f600 sp=0x00007000011456b0
Event: 403.084 Thread 0x00007f96368dd800 DEOPT UNPACKING pc=0x0000000107e46f73 sp=0x0000700001145448 mode 0
Event: 403.088 Executing VM operation: RevokeBias
Event: 403.088 Executing VM operation: RevokeBias done
Event: 403.088 Thread 0x00007f96368dd800 DEOPT PACKING pc=0x000000010879f600 sp=0x00007000011456b0
Event: 403.088 Thread 0x00007f96368dd800 DEOPT UNPACKING pc=0x0000000107e46f73 sp=0x0000700001145448 mode 0
Event: 403.091 Executing VM operation: RevokeBias
Event: 403.091 Executing VM operation: RevokeBias done
Event: 403.091 Thread 0x00007f96368dd800 DEOPT PACKING pc=0x000000010879f600 sp=0x00007000011456b0
Event: 403.091 Thread 0x00007f96368dd800 DEOPT UNPACKING pc=0x0000000107e46f73 sp=0x0000700001145448 mode 0


Dynamic libraries:
0x00000000022f2000 	/System/Library/Frameworks/Cocoa.framework/Versions/A/Cocoa
0x00000000022f2000 	/System/Library/Frameworks/Security.framework/Versions/A/Security
0x00000000022f2000 	/System/Library/Frameworks/ApplicationServices.framework/Versions/A/ApplicationServices
0x00000000022f2000 	/usr/lib/libz.1.dylib
0x00000000022f2000 	/usr/lib/libSystem.B.dylib
0x00000000022f2000 	/usr/lib/libobjc.A.dylib
0x00000000022f2000 	/System/Library/Frameworks/CoreFoundation.framework/Versions/A/CoreFoundation
0x00000000022f2000 	/System/Library/Frameworks/Foundation.framework/Versions/C/Foundation
0x00000000022f2000 	/System/Library/Frameworks/AppKit.framework/Versions/C/AppKit
0x00000000022f2000 	/System/Library/Frameworks/CoreData.framework/Versions/A/CoreData
0x00000000022f2000 	/System/Library/PrivateFrameworks/RemoteViewServices.framework/Versions/A/RemoteViewServices
0x00000000022f2000 	/System/Library/PrivateFrameworks/UIFoundation.framework/Versions/A/UIFoundation
0x00000000022f2000 	/usr/lib/libScreenReader.dylib
0x00000000022f2000 	/System/Library/Frameworks/Accelerate.framework/Versions/A/Accelerate
0x00000000022f2000 	/System/Library/Frameworks/IOSurface.framework/Versions/A/IOSurface
0x00000000022f2000 	/System/Library/Frameworks/AudioToolbox.framework/Versions/A/AudioToolbox
0x00000000022f2000 	/System/Library/Frameworks/AudioUnit.framework/Versions/A/AudioUnit
0x00000000022f2000 	/System/Library/PrivateFrameworks/DataDetectorsCore.framework/Versions/A/DataDetectorsCore
0x00000000022f2000 	/System/Library/PrivateFrameworks/DesktopServicesPriv.framework/Versions/A/DesktopServicesPriv
0x00000000022f2000 	/System/Library/Frameworks/Carbon.framework/Versions/A/Frameworks/HIToolbox.framework/Versions/A/HIToolbox
0x00000000022f2000 	/System/Library/Frameworks/QuartzCore.framework/Versions/A/QuartzCore
0x00000000022f2000 	/System/Library/Frameworks/Carbon.framework/Versions/A/Frameworks/SpeechRecognition.framework/Versions/A/SpeechRecognition
0x00000000022f2000 	/usr/lib/libauto.dylib
0x00000000022f2000 	/usr/lib/libicucore.A.dylib
0x00000000022f2000 	/usr/lib/libxml2.2.dylib
0x00000000022f2000 	/System/Library/PrivateFrameworks/CoreUI.framework/Versions/A/CoreUI
0x00000000022f2000 	/System/Library/Frameworks/CoreAudio.framework/Versions/A/CoreAudio
0x00000000022f2000 	/System/Library/Frameworks/DiskArbitration.framework/Versions/A/DiskArbitration
0x00000000022f2000 	/usr/lib/liblangid.dylib
0x00000000022f2000 	/System/Library/PrivateFrameworks/MultitouchSupport.framework/Versions/A/MultitouchSupport
0x00000000022f2000 	/System/Library/Frameworks/IOKit.framework/Versions/A/IOKit
0x00000000022f2000 	/usr/lib/libDiagnosticMessagesClient.dylib
0x00000000022f2000 	/System/Library/Frameworks/CoreServices.framework/Versions/A/CoreServices
0x00000000022f2000 	/System/Library/PrivateFrameworks/PerformanceAnalysis.framework/Versions/A/PerformanceAnalysis
0x00000000022f2000 	/System/Library/PrivateFrameworks/GenerationalStorage.framework/Versions/A/GenerationalStorage
0x00000000022f2000 	/System/Library/Frameworks/OpenGL.framework/Versions/A/OpenGL
0x00000000022f2000 	/System/Library/PrivateFrameworks/Sharing.framework/Versions/A/Sharing
0x00000000022f2000 	/System/Library/Frameworks/CoreGraphics.framework/Versions/A/CoreGraphics
0x00000000022f2000 	/System/Library/Frameworks/CoreImage.framework/Versions/A/CoreImage
0x00000000022f2000 	/System/Library/Frameworks/CoreText.framework/Versions/A/CoreText
0x00000000022f2000 	/System/Library/Frameworks/ImageIO.framework/Versions/A/ImageIO
0x00000000022f2000 	/System/Library/PrivateFrameworks/Backup.framework/Versions/A/Backup
0x00000000022f2000 	/usr/lib/libextension.dylib
0x00000000022f2000 	/usr/lib/libarchive.2.dylib
0x00000000022f2000 	/System/Library/Frameworks/CFNetwork.framework/Versions/A/CFNetwork
0x00000000022f2000 	/System/Library/Frameworks/SystemConfiguration.framework/Versions/A/SystemConfiguration
0x00000000022f2000 	/usr/lib/libCRFSuite.dylib
0x00000000022f2000 	/usr/lib/libc++.1.dylib
0x00000000022f2000 	/usr/lib/libc++abi.dylib
0x00000000022f2000 	/usr/lib/system/libcache.dylib
0x00000000022f2000 	/usr/lib/system/libcommonCrypto.dylib
0x00000000022f2000 	/usr/lib/system/libcompiler_rt.dylib
0x00000000022f2000 	/usr/lib/system/libcopyfile.dylib
0x00000000022f2000 	/usr/lib/system/libcorecrypto.dylib
0x00000000022f2000 	/usr/lib/system/libdispatch.dylib
0x00000000022f2000 	/usr/lib/system/libdyld.dylib
0x00000000022f2000 	/usr/lib/system/libkeymgr.dylib
0x00000000022f2000 	/usr/lib/system/liblaunch.dylib
0x00000000022f2000 	/usr/lib/system/libmacho.dylib
0x00000000022f2000 	/usr/lib/system/libquarantine.dylib
0x00000000022f2000 	/usr/lib/system/libremovefile.dylib
0x00000000022f2000 	/usr/lib/system/libsystem_asl.dylib
0x00000000022f2000 	/usr/lib/system/libsystem_blocks.dylib
0x00000000022f2000 	/usr/lib/system/libsystem_c.dylib
0x00000000022f2000 	/usr/lib/system/libsystem_configuration.dylib
0x00000000022f2000 	/usr/lib/system/libsystem_coreservices.dylib
0x00000000022f2000 	/usr/lib/system/libsystem_coretls.dylib
0x00000000022f2000 	/usr/lib/system/libsystem_dnssd.dylib
0x00000000022f2000 	/usr/lib/system/libsystem_info.dylib
0x00000000022f2000 	/usr/lib/system/libsystem_kernel.dylib
0x00000000022f2000 	/usr/lib/system/libsystem_m.dylib
0x00000000022f2000 	/usr/lib/system/libsystem_malloc.dylib
0x00000000022f2000 	/usr/lib/system/libsystem_network.dylib
0x00000000022f2000 	/usr/lib/system/libsystem_networkextension.dylib
0x00000000022f2000 	/usr/lib/system/libsystem_notify.dylib
0x00000000022f2000 	/usr/lib/system/libsystem_platform.dylib
0x00000000022f2000 	/usr/lib/system/libsystem_pthread.dylib
0x00000000022f2000 	/usr/lib/system/libsystem_sandbox.dylib
0x00000000022f2000 	/usr/lib/system/libsystem_secinit.dylib
0x00000000022f2000 	/usr/lib/system/libsystem_trace.dylib
0x00000000022f2000 	/usr/lib/system/libunc.dylib
0x00000000022f2000 	/usr/lib/system/libunwind.dylib
0x00000000022f2000 	/usr/lib/system/libxpc.dylib
0x00000000022f2000 	/usr/lib/libenergytrace.dylib
0x00000000022f2000 	/usr/lib/libbsm.0.dylib
0x00000000022f2000 	/usr/lib/system/libkxld.dylib
0x00000000022f2000 	/usr/lib/libxar.1.dylib
0x00000000022f2000 	/usr/lib/libsqlite3.dylib
0x00000000022f2000 	/usr/lib/libpam.2.dylib
0x00000000022f2000 	/usr/lib/libOpenScriptingUtil.dylib
0x00000000022f2000 	/usr/lib/libbz2.1.0.dylib
0x00000000022f2000 	/usr/lib/liblzma.5.dylib
0x00000000022f2000 	/System/Library/Frameworks/CoreServices.framework/Versions/A/Frameworks/FSEvents.framework/Versions/A/FSEvents
0x00000000022f2000 	/System/Library/Frameworks/CoreServices.framework/Versions/A/Frameworks/CarbonCore.framework/Versions/A/CarbonCore
0x00000000022f2000 	/System/Library/Frameworks/CoreServices.framework/Versions/A/Frameworks/Metadata.framework/Versions/A/Metadata
0x00000000022f2000 	/System/Library/Frameworks/CoreServices.framework/Versions/A/Frameworks/OSServices.framework/Versions/A/OSServices
0x00000000022f2000 	/System/Library/Frameworks/CoreServices.framework/Versions/A/Frameworks/SearchKit.framework/Versions/A/SearchKit
0x00000000022f2000 	/System/Library/Frameworks/CoreServices.framework/Versions/A/Frameworks/AE.framework/Versions/A/AE
0x00000000022f2000 	/System/Library/Frameworks/CoreServices.framework/Versions/A/Frameworks/LaunchServices.framework/Versions/A/LaunchServices
0x00000000022f2000 	/System/Library/Frameworks/CoreServices.framework/Versions/A/Frameworks/DictionaryServices.framework/Versions/A/DictionaryServices
0x00000000022f2000 	/System/Library/Frameworks/CoreServices.framework/Versions/A/Frameworks/SharedFileList.framework/Versions/A/SharedFileList
0x00000000022f2000 	/System/Library/Frameworks/NetFS.framework/Versions/A/NetFS
0x00000000022f2000 	/System/Library/PrivateFrameworks/NetAuth.framework/Versions/A/NetAuth
0x00000000022f2000 	/System/Library/PrivateFrameworks/login.framework/Versions/A/Frameworks/loginsupport.framework/Versions/A/loginsupport
0x00000000022f2000 	/System/Library/PrivateFrameworks/TCC.framework/Versions/A/TCC
0x00000000022f2000 	/usr/lib/libmecabra.dylib
0x00000000022f2000 	/System/Library/Frameworks/ApplicationServices.framework/Versions/A/Frameworks/ATS.framework/Versions/A/ATS
0x00000000022f2000 	/System/Library/Frameworks/ApplicationServices.framework/Versions/A/Frameworks/ColorSync.framework/Versions/A/ColorSync
0x00000000022f2000 	/System/Library/Frameworks/ApplicationServices.framework/Versions/A/Frameworks/HIServices.framework/Versions/A/HIServices
0x00000000022f2000 	/System/Library/Frameworks/ApplicationServices.framework/Versions/A/Frameworks/LangAnalysis.framework/Versions/A/LangAnalysis
0x00000000022f2000 	/System/Library/Frameworks/ApplicationServices.framework/Versions/A/Frameworks/PrintCore.framework/Versions/A/PrintCore
0x00000000022f2000 	/System/Library/Frameworks/ApplicationServices.framework/Versions/A/Frameworks/QD.framework/Versions/A/QD
0x00000000022f2000 	/System/Library/Frameworks/ApplicationServices.framework/Versions/A/Frameworks/SpeechSynthesis.framework/Versions/A/SpeechSynthesis
0x00000000022f2000 	/System/Library/Frameworks/Metal.framework/Versions/A/Metal
0x00000000022f2000 	/System/Library/Frameworks/Accelerate.framework/Versions/A/Frameworks/vImage.framework/Versions/A/vImage
0x00000000022f2000 	/System/Library/Frameworks/Accelerate.framework/Versions/A/Frameworks/vecLib.framework/Versions/A/vecLib
0x00000000022f2000 	/System/Library/Frameworks/Accelerate.framework/Versions/A/Frameworks/vecLib.framework/Versions/A/libvDSP.dylib
0x00000000022f2000 	/System/Library/Frameworks/Accelerate.framework/Versions/A/Frameworks/vecLib.framework/Versions/A/libvMisc.dylib
0x00000000022f2000 	/System/Library/Frameworks/Accelerate.framework/Versions/A/Frameworks/vecLib.framework/Versions/A/libLAPACK.dylib
0x00000000022f2000 	/System/Library/Frameworks/Accelerate.framework/Versions/A/Frameworks/vecLib.framework/Versions/A/libBLAS.dylib
0x00000000022f2000 	/System/Library/Frameworks/Accelerate.framework/Versions/A/Frameworks/vecLib.framework/Versions/A/libLinearAlgebra.dylib
0x00000000022f2000 	/System/Library/Frameworks/Accelerate.framework/Versions/A/Frameworks/vecLib.framework/Versions/A/libSparseBLAS.dylib
0x00000000022f2000 	/System/Library/PrivateFrameworks/GPUCompiler.framework/libmetal_timestamp.dylib
0x00000000022f2000 	/System/Library/Frameworks/OpenGL.framework/Versions/A/Libraries/libCoreFSCache.dylib
0x00000000022f2000 	/System/Library/PrivateFrameworks/IOAccelerator.framework/Versions/A/IOAccelerator
0x00000000022f2000 	/System/Library/Frameworks/ApplicationServices.framework/Versions/A/Frameworks/ATS.framework/Versions/A/Resources/libFontParser.dylib
0x00000000022f2000 	/System/Library/Frameworks/ApplicationServices.framework/Versions/A/Frameworks/ATS.framework/Versions/A/Resources/libFontRegistry.dylib
0x00000000022f2000 	/System/Library/PrivateFrameworks/AppleVPA.framework/Versions/A/AppleVPA
0x00000000022f2000 	/System/Library/PrivateFrameworks/AppleJPEG.framework/Versions/A/AppleJPEG
0x00000000022f2000 	/System/Library/Frameworks/ImageIO.framework/Versions/A/Resources/libJPEG.dylib
0x00000000022f2000 	/System/Library/Frameworks/ImageIO.framework/Versions/A/Resources/libTIFF.dylib
0x00000000022f2000 	/System/Library/Frameworks/ImageIO.framework/Versions/A/Resources/libPng.dylib
0x00000000022f2000 	/System/Library/Frameworks/ImageIO.framework/Versions/A/Resources/libGIF.dylib
0x00000000022f2000 	/System/Library/Frameworks/ImageIO.framework/Versions/A/Resources/libJP2.dylib
0x00000000022f2000 	/System/Library/Frameworks/ImageIO.framework/Versions/A/Resources/libRadiance.dylib
0x00000000022f2000 	/System/Library/Frameworks/CoreVideo.framework/Versions/A/CoreVideo
0x00000000022f2000 	/System/Library/Frameworks/OpenGL.framework/Versions/A/Libraries/libGLU.dylib
0x00000000022f2000 	/System/Library/Frameworks/OpenGL.framework/Versions/A/Libraries/libGFXShared.dylib
0x00000000022f2000 	/System/Library/Frameworks/OpenGL.framework/Versions/A/Libraries/libGL.dylib
0x00000000022f2000 	/System/Library/Frameworks/OpenGL.framework/Versions/A/Libraries/libGLImage.dylib
0x00000000022f2000 	/System/Library/Frameworks/OpenGL.framework/Versions/A/Libraries/libCVMSPluginSupport.dylib
0x00000000022f2000 	/System/Library/Frameworks/OpenGL.framework/Versions/A/Libraries/libCoreVMClient.dylib
0x00000000022f2000 	/usr/lib/libcups.2.dylib
0x00000000022f2000 	/System/Library/Frameworks/Kerberos.framework/Versions/A/Kerberos
0x00000000022f2000 	/System/Library/Frameworks/GSS.framework/Versions/A/GSS
0x00000000022f2000 	/usr/lib/libresolv.9.dylib
0x00000000022f2000 	/usr/lib/libiconv.2.dylib
0x00000000022f2000 	/System/Library/PrivateFrameworks/Heimdal.framework/Versions/A/Heimdal
0x00000000022f2000 	/usr/lib/libheimdal-asn1.dylib
0x00000000022f2000 	/System/Library/Frameworks/OpenDirectory.framework/Versions/A/OpenDirectory
0x00000000022f2000 	/System/Library/PrivateFrameworks/CommonAuth.framework/Versions/A/CommonAuth
0x00000000022f2000 	/System/Library/Frameworks/OpenDirectory.framework/Versions/A/Frameworks/CFOpenDirectory.framework/Versions/A/CFOpenDirectory
0x00000000022f2000 	/System/Library/Frameworks/SecurityFoundation.framework/Versions/A/SecurityFoundation
0x00000000022f2000 	/System/Library/PrivateFrameworks/LanguageModeling.framework/Versions/A/LanguageModeling
0x00000000022f2000 	/usr/lib/libmarisa.dylib
0x00000000022f2000 	/usr/lib/libChineseTokenizer.dylib
0x00000000022f2000 	/usr/lib/libcmph.dylib
0x00000000022f2000 	/usr/lib/libcompression.dylib
0x00000000022f2000 	/System/Library/Frameworks/ServiceManagement.framework/Versions/A/ServiceManagement
0x00000000022f2000 	/usr/lib/libxslt.1.dylib
0x00000000022f2000 	/System/Library/Frameworks/Carbon.framework/Versions/A/Frameworks/Ink.framework/Versions/A/Ink
0x00000000022f2000 	/usr/lib/libFosl_dynamic.dylib
0x00000000022f2000 	/System/Library/PrivateFrameworks/FaceCore.framework/Versions/A/FaceCore
0x00000000022f2000 	/System/Library/Frameworks/OpenCL.framework/Versions/A/OpenCL
0x00000000022f2000 	/System/Library/PrivateFrameworks/CrashReporterSupport.framework/Versions/A/CrashReporterSupport
0x00000000022f2000 	/System/Library/PrivateFrameworks/IconServices.framework/Versions/A/IconServices
0x00000000022f2000 	/System/Library/PrivateFrameworks/Apple80211.framework/Versions/A/Apple80211
0x00000000022f2000 	/System/Library/Frameworks/CoreWLAN.framework/Versions/A/CoreWLAN
0x00000000022f2000 	/System/Library/Frameworks/IOBluetooth.framework/Versions/A/IOBluetooth
0x00000000022f2000 	/System/Library/PrivateFrameworks/CoreWiFi.framework/Versions/A/CoreWiFi
0x00000000022f2000 	/System/Library/Frameworks/CoreBluetooth.framework/Versions/A/CoreBluetooth
0x00000000022f2000 	/System/Library/PrivateFrameworks/ChunkingLibrary.framework/Versions/A/ChunkingLibrary
0x00000000022f2000 	/System/Library/PrivateFrameworks/DebugSymbols.framework/Versions/A/DebugSymbols
0x00000000022f2000 	/System/Library/PrivateFrameworks/CoreSymbolication.framework/Versions/A/CoreSymbolication
0x00000000022f2000 	/System/Library/PrivateFrameworks/Symbolication.framework/Versions/A/Symbolication
0x00000000022f2000 	/System/Library/PrivateFrameworks/SpeechRecognitionCore.framework/Versions/A/SpeechRecognitionCore
0x0000000106a73000 	/Library/Java/JavaVirtualMachines/jdk1.8.0_25.jdk/Contents/Home/jre/lib/server/libjvm.dylib
0x00000000022f2000 	/usr/lib/libstdc++.6.dylib
0x000000010798f000 	/Library/Java/JavaVirtualMachines/jdk1.8.0_25.jdk/Contents/Home/jre/lib/libverify.dylib
0x000000010799d000 	/Library/Java/JavaVirtualMachines/jdk1.8.0_25.jdk/Contents/Home/jre/lib/libjava.dylib
0x00000001079df000 	/Library/Java/JavaVirtualMachines/jdk1.8.0_25.jdk/Contents/Home/jre/lib/libzip.dylib
0x000000011aba2000 	/System/Library/Frameworks/JavaVM.framework/Frameworks/JavaRuntimeSupport.framework/JavaRuntimeSupport
0x000000011abbd000 	/System/Library/Frameworks/JavaVM.framework/Versions/A/Frameworks/JavaNativeFoundation.framework/Versions/A/JavaNativeFoundation
0x000000011abd2000 	/System/Library/Frameworks/JavaVM.framework/Versions/A/JavaVM
0x00000000022f2000 	/System/Library/Frameworks/Carbon.framework/Versions/A/Carbon
0x000000011abdf000 	/System/Library/PrivateFrameworks/JavaLaunching.framework/Versions/A/JavaLaunching
0x00000000022f2000 	/System/Library/Frameworks/Carbon.framework/Versions/A/Frameworks/CommonPanels.framework/Versions/A/CommonPanels
0x00000000022f2000 	/System/Library/Frameworks/Carbon.framework/Versions/A/Frameworks/Help.framework/Versions/A/Help
0x00000000022f2000 	/System/Library/Frameworks/Carbon.framework/Versions/A/Frameworks/ImageCapture.framework/Versions/A/ImageCapture
0x00000000022f2000 	/System/Library/Frameworks/Carbon.framework/Versions/A/Frameworks/OpenScripting.framework/Versions/A/OpenScripting
0x00000000022f2000 	/System/Library/Frameworks/Carbon.framework/Versions/A/Frameworks/Print.framework/Versions/A/Print
0x00000000022f2000 	/System/Library/Frameworks/Carbon.framework/Versions/A/Frameworks/SecurityHI.framework/Versions/A/SecurityHI
0x000000011c676000 	/Library/Java/JavaVirtualMachines/jdk1.8.0_25.jdk/Contents/Home/jre/lib/libnet.dylib
0x000000011c6d5000 	/Library/Java/JavaVirtualMachines/jdk1.8.0_25.jdk/Contents/Home/jre/lib/libnio.dylib
0x000000011c6e5000 	/Users/jfgaines/.gradle/native/19/osx-amd64/libnative-platform.dylib
0x000000011c80d000 	/Library/Java/JavaVirtualMachines/jdk1.8.0_25.jdk/Contents/Home/jre/lib/libmanagement.dylib

VM Arguments:
jvm_args: -XX:MaxPermSize=256m -XX:+HeapDumpOnOutOfMemoryError -Xmx1024m -Dfile.encoding=UTF-8 -Duser.country=US -Duser.language=en -Duser.variant 
java_command: org.gradle.launcher.daemon.bootstrap.GradleDaemon 2.4 /Users/jfgaines/.gradle /Users/jfgaines/.gradle/daemon 10800000 5f9ca3d5-0903-4983-9632-1348e3b6bab6 -XX:MaxPermSize=256m -XX:+HeapDumpOnOutOfMemoryError -Xmx1024m -Dfile.encoding=UTF-8 -Duser.country=US -Duser.language=en -Duser.variant
java_class_path (initial): /Users/jfgaines/.gradle/wrapper/dists/gradle-2.4-all/6r4uqcc6ovnq6ac6s0txzcpc0/gradle-2.4/lib/gradle-launcher-2.4.jar
Launcher Type: SUN_STANDARD

Environment Variables:
PATH=/usr/bin:/bin:/usr/sbin:/sbin
SHELL=/bin/bash

Signal Handlers:
SIGSEGV: [libjvm.dylib+0x579dc7], sa_mask[0]=11111111011111110111111111111111, sa_flags=SA_ONSTACK|SA_RESTART|SA_SIGINFO
SIGBUS: [libjvm.dylib+0x579dc7], sa_mask[0]=11111111011111110111111111111111, sa_flags=SA_RESTART|SA_SIGINFO
SIGFPE: [libjvm.dylib+0x45b030], sa_mask[0]=11111111011111110111111111111111, sa_flags=SA_RESTART|SA_SIGINFO
SIGPIPE: [libjvm.dylib+0x45b030], sa_mask[0]=11111111011111110111111111111111, sa_flags=SA_RESTART|SA_SIGINFO
SIGXFSZ: [libjvm.dylib+0x45b030], sa_mask[0]=11111111011111110111111111111111, sa_flags=SA_RESTART|SA_SIGINFO
SIGILL: [libjvm.dylib+0x45b030], sa_mask[0]=11111111011111110111111111111111, sa_flags=SA_RESTART|SA_SIGINFO
SIGUSR1: SIG_DFL, sa_mask[0]=00000000000000000000000000000000, sa_flags=none
SIGUSR2: [libjvm.dylib+0x45ab4e], sa_mask[0]=00100000000000000000000000000000, sa_flags=SA_RESTART|SA_SIGINFO
SIGHUP: [libjvm.dylib+0x459121], sa_mask[0]=11111111011111110111111111111111, sa_flags=SA_RESTART|SA_SIGINFO
SIGINT: [libjvm.dylib+0x459121], sa_mask[0]=11111111011111110111111111111111, sa_flags=SA_RESTART|SA_SIGINFO
SIGTERM: [libjvm.dylib+0x459121], sa_mask[0]=11111111011111110111111111111111, sa_flags=SA_RESTART|SA_SIGINFO
SIGQUIT: [libjvm.dylib+0x459121], sa_mask[0]=11111111011111110111111111111111, sa_flags=SA_RESTART|SA_SIGINFO


---------------  S Y S T E M  ---------------

OS:Bsduname:Darwin 15.3.0 Darwin Kernel Version 15.3.0: Thu Dec 10 18:40:58 PST 2015; root:xnu-3248.30.4~1/RELEASE_X86_64 x86_64
rlimit: STACK 8192k, CORE 0k, NPROC 709, NOFILE 10240, AS infinity
load average:3.15 2.67 2.49

CPU:total 2 (2 cores per cpu, 1 threads per core) family 6 model 23 stepping 10, cmov, cx8, fxsr, mmx, sse, sse2, sse3, ssse3, sse4.1, tsc

Memory: 4k page, physical 4194304k(153400k free)

/proc/meminfo:


vm_info: Java HotSpot(TM) 64-Bit Server VM (25.25-b02) for bsd-amd64 JRE (1.8.0_25-b17), built on Sep 17 2014 16:56:50 by "java_re" with gcc 4.2.1 (Based on Apple Inc. build 5658) (LLVM build 2336.11.00)

time: Fri Feb 19 00:23:00 2016
elapsed time: 403 seconds (0d 0h 6m 43s)

